[0.581s] Invoking command in '/home/tusharchillal/PhysicalBot_ws/src/motor_driver': DEBUGINFOD_URLS=https://debuginfod.ubuntu.com PYTHONPATH=/home/tusharchillal/PhysicalBot_ws/src/build/motor_driver/prefix_override:/usr/lib/python3/dist-packages/colcon_core/task/python/colcon_distutils_commands:/home/tusharchillal/PhysicalBot_ws/src/install/motor_driver/lib/python3.12/site-packages:${PYTHONPATH} /usr/bin/python3 -W ignore:setup.py install is deprecated -W ignore:easy_install command is deprecated setup.py egg_info --egg-base ../build/motor_driver build --build-base /home/tusharchillal/PhysicalBot_ws/src/build/motor_driver/build install --record /home/tusharchillal/PhysicalBot_ws/src/build/motor_driver/install.log --single-version-externally-managed install_data
[0.743s] running egg_info
[0.743s] creating ../build/motor_driver/motor_driver.egg-info
[0.753s] writing ../build/motor_driver/motor_driver.egg-info/PKG-INFO
[0.753s] writing dependency_links to ../build/motor_driver/motor_driver.egg-info/dependency_links.txt
[0.753s] writing entry points to ../build/motor_driver/motor_driver.egg-info/entry_points.txt
[0.753s] writing requirements to ../build/motor_driver/motor_driver.egg-info/requires.txt
[0.753s] writing top-level names to ../build/motor_driver/motor_driver.egg-info/top_level.txt
[0.753s] writing manifest file '../build/motor_driver/motor_driver.egg-info/SOURCES.txt'
[0.771s] reading manifest file '../build/motor_driver/motor_driver.egg-info/SOURCES.txt'
[0.771s] writing manifest file '../build/motor_driver/motor_driver.egg-info/SOURCES.txt'
[0.772s] running build
[0.772s] running build_py
[0.772s] creating /home/tusharchillal/PhysicalBot_ws/src/build/motor_driver/build
[0.772s] creating /home/tusharchillal/PhysicalBot_ws/src/build/motor_driver/build/lib
[0.772s] creating /home/tusharchillal/PhysicalBot_ws/src/build/motor_driver/build/lib/motor_driver
[0.772s] copying motor_driver/manual_motor_driver.py -> /home/tusharchillal/PhysicalBot_ws/src/build/motor_driver/build/lib/motor_driver
[0.772s] copying motor_driver/__init__.py -> /home/tusharchillal/PhysicalBot_ws/src/build/motor_driver/build/lib/motor_driver
[0.772s] copying motor_driver/twist_motor_drive.py -> /home/tusharchillal/PhysicalBot_ws/src/build/motor_driver/build/lib/motor_driver
[0.772s] running install
[0.776s] running install_lib
[0.785s] creating /home/tusharchillal/PhysicalBot_ws/src/install/motor_driver/lib/python3.12/site-packages/motor_driver
[0.786s] copying /home/tusharchillal/PhysicalBot_ws/src/build/motor_driver/build/lib/motor_driver/manual_motor_driver.py -> /home/tusharchillal/PhysicalBot_ws/src/install/motor_driver/lib/python3.12/site-packages/motor_driver
[0.786s] copying /home/tusharchillal/PhysicalBot_ws/src/build/motor_driver/build/lib/motor_driver/__init__.py -> /home/tusharchillal/PhysicalBot_ws/src/install/motor_driver/lib/python3.12/site-packages/motor_driver
[0.786s] copying /home/tusharchillal/PhysicalBot_ws/src/build/motor_driver/build/lib/motor_driver/twist_motor_drive.py -> /home/tusharchillal/PhysicalBot_ws/src/install/motor_driver/lib/python3.12/site-packages/motor_driver
[0.786s] byte-compiling /home/tusharchillal/PhysicalBot_ws/src/install/motor_driver/lib/python3.12/site-packages/motor_driver/manual_motor_driver.py to manual_motor_driver.cpython-312.pyc
[0.786s] byte-compiling /home/tusharchillal/PhysicalBot_ws/src/install/motor_driver/lib/python3.12/site-packages/motor_driver/__init__.py to __init__.cpython-312.pyc
[0.786s] byte-compiling /home/tusharchillal/PhysicalBot_ws/src/install/motor_driver/lib/python3.12/site-packages/motor_driver/twist_motor_drive.py to twist_motor_drive.cpython-312.pyc
[0.787s] running install_data
[0.787s] creating /home/tusharchillal/PhysicalBot_ws/src/install/motor_driver/share/ament_index
[0.787s] creating /home/tusharchillal/PhysicalBot_ws/src/install/motor_driver/share/ament_index/resource_index
[0.787s] creating /home/tusharchillal/PhysicalBot_ws/src/install/motor_driver/share/ament_index/resource_index/packages
[0.787s] copying resource/motor_driver -> /home/tusharchillal/PhysicalBot_ws/src/install/motor_driver/share/ament_index/resource_index/packages
[0.787s] copying package.xml -> /home/tusharchillal/PhysicalBot_ws/src/install/motor_driver/share/motor_driver
[0.787s] running install_egg_info
[0.797s] Copying ../build/motor_driver/motor_driver.egg-info to /home/tusharchillal/PhysicalBot_ws/src/install/motor_driver/lib/python3.12/site-packages/motor_driver-0.0.0-py3.12.egg-info
[0.797s] running install_scripts
[0.876s] Installing manual_motor_driver script to /home/tusharchillal/PhysicalBot_ws/src/install/motor_driver/lib/motor_driver
[0.876s] Installing twist_motor_driver script to /home/tusharchillal/PhysicalBot_ws/src/install/motor_driver/lib/motor_driver
[0.876s] writing list of installed files to '/home/tusharchillal/PhysicalBot_ws/src/build/motor_driver/install.log'
[0.892s] Invoked command in '/home/tusharchillal/PhysicalBot_ws/src/motor_driver' returned '0': DEBUGINFOD_URLS=https://debuginfod.ubuntu.com PYTHONPATH=/home/tusharchillal/PhysicalBot_ws/src/build/motor_driver/prefix_override:/usr/lib/python3/dist-packages/colcon_core/task/python/colcon_distutils_commands:/home/tusharchillal/PhysicalBot_ws/src/install/motor_driver/lib/python3.12/site-packages:${PYTHONPATH} /usr/bin/python3 -W ignore:setup.py install is deprecated -W ignore:easy_install command is deprecated setup.py egg_info --egg-base ../build/motor_driver build --build-base /home/tusharchillal/PhysicalBot_ws/src/build/motor_driver/build install --record /home/tusharchillal/PhysicalBot_ws/src/build/motor_driver/install.log --single-version-externally-managed install_data
