running develop
/usr/lib/python3/dist-packages/setuptools/command/easy_install.py:363: UserWarning: Unbuilt egg for pytest-repeat [unknown version] (/usr/lib/python3/dist-packages)
  self.local_index = Environment(self.shadow_path + sys.path)
running egg_info
creating motor_driver.egg-info
writing motor_driver.egg-info/PKG-INFO
writing dependency_links to motor_driver.egg-info/dependency_links.txt
writing entry points to motor_driver.egg-info/entry_points.txt
writing requirements to motor_driver.egg-info/requires.txt
writing top-level names to motor_driver.egg-info/top_level.txt
writing manifest file 'motor_driver.egg-info/SOURCES.txt'
reading manifest file 'motor_driver.egg-info/SOURCES.txt'
writing manifest file 'motor_driver.egg-info/SOURCES.txt'
running build_ext
Creating /home/tusharchillal/PhysicalBot_ws/install/motor_driver/lib/python3.12/site-packages/motor-driver.egg-link (link to .)
Installing manual_motor_driver script to /home/tusharchillal/PhysicalBot_ws/install/motor_driver/lib/motor_driver

Installed /home/tusharchillal/PhysicalBot_ws/build/motor_driver
running symlink_data
creating /home/tusharchillal/PhysicalBot_ws/install/motor_driver/share/ament_index
creating /home/tusharchillal/PhysicalBot_ws/install/motor_driver/share/ament_index/resource_index
creating /home/tusharchillal/PhysicalBot_ws/install/motor_driver/share/ament_index/resource_index/packages
symbolically linking /home/tusharchillal/PhysicalBot_ws/build/motor_driver/resource/motor_driver -> /home/tusharchillal/PhysicalBot_ws/install/motor_driver/share/ament_index/resource_index/packages
symbolically linking /home/tusharchillal/PhysicalBot_ws/build/motor_driver/package.xml -> /home/tusharchillal/PhysicalBot_ws/install/motor_driver/share/motor_driver
