[0.646s] Invoking command in '/home/tusharchillal/PhysicalBot_ws/build/motor_driver': DEBUGINFOD_URLS=https://debuginfod.ubuntu.com PYTHONPATH=/home/tusharchillal/PhysicalBot_ws/build/motor_driver/prefix_override:/usr/lib/python3/dist-packages/colcon_core/task/python/colcon_distutils_commands:/home/tusharchillal/PhysicalBot_ws/install/motor_driver/lib/python3.12/site-packages:${PYTHONPATH} /usr/bin/python3 -W ignore:setup.py install is deprecated -W ignore:easy_install command is deprecated setup.py develop --editable --build-directory /home/tusharchillal/PhysicalBot_ws/build/motor_driver/build --no-deps symlink_data
[0.840s] running develop
[0.932s] /usr/lib/python3/dist-packages/setuptools/command/easy_install.py:363: UserWarning: Unbuilt egg for pytest-repeat [unknown version] (/usr/lib/python3/dist-packages)
[0.933s]   self.local_index = Environment(self.shadow_path + sys.path)
[0.954s] running egg_info
[0.954s] creating motor_driver.egg-info
[0.965s] writing motor_driver.egg-info/PKG-INFO
[0.965s] writing dependency_links to motor_driver.egg-info/dependency_links.txt
[0.965s] writing entry points to motor_driver.egg-info/entry_points.txt
[0.966s] writing requirements to motor_driver.egg-info/requires.txt
[0.966s] writing top-level names to motor_driver.egg-info/top_level.txt
[0.966s] writing manifest file 'motor_driver.egg-info/SOURCES.txt'
[0.985s] reading manifest file 'motor_driver.egg-info/SOURCES.txt'
[0.986s] writing manifest file 'motor_driver.egg-info/SOURCES.txt'
[0.996s] running build_ext
[0.996s] Creating /home/tusharchillal/PhysicalBot_ws/install/motor_driver/lib/python3.12/site-packages/motor-driver.egg-link (link to .)
[0.996s] Installing manual_motor_driver script to /home/tusharchillal/PhysicalBot_ws/install/motor_driver/lib/motor_driver
[0.996s] 
[0.996s] Installed /home/tusharchillal/PhysicalBot_ws/build/motor_driver
[0.996s] running symlink_data
[0.996s] creating /home/tusharchillal/PhysicalBot_ws/install/motor_driver/share/ament_index
[0.996s] creating /home/tusharchillal/PhysicalBot_ws/install/motor_driver/share/ament_index/resource_index
[0.996s] creating /home/tusharchillal/PhysicalBot_ws/install/motor_driver/share/ament_index/resource_index/packages
[0.996s] symbolically linking /home/tusharchillal/PhysicalBot_ws/build/motor_driver/resource/motor_driver -> /home/tusharchillal/PhysicalBot_ws/install/motor_driver/share/ament_index/resource_index/packages
[0.996s] symbolically linking /home/tusharchillal/PhysicalBot_ws/build/motor_driver/package.xml -> /home/tusharchillal/PhysicalBot_ws/install/motor_driver/share/motor_driver
[1.032s] Invoked command in '/home/tusharchillal/PhysicalBot_ws/build/motor_driver' returned '0': DEBUGINFOD_URLS=https://debuginfod.ubuntu.com PYTHONPATH=/home/tusharchillal/PhysicalBot_ws/build/motor_driver/prefix_override:/usr/lib/python3/dist-packages/colcon_core/task/python/colcon_distutils_commands:/home/tusharchillal/PhysicalBot_ws/install/motor_driver/lib/python3.12/site-packages:${PYTHONPATH} /usr/bin/python3 -W ignore:setup.py install is deprecated -W ignore:easy_install command is deprecated setup.py develop --editable --build-directory /home/tusharchillal/PhysicalBot_ws/build/motor_driver/build --no-deps symlink_data
