[1.003s] Invoking command in '/home/tusharchillal/PhysicalBot_ws/src/motor_driver': DEBUGINFOD_URLS=https://debuginfod.ubuntu.com PYTHONPATH=/home/tusharchillal/PhysicalBot_ws/build/motor_driver/prefix_override:/usr/lib/python3/dist-packages/colcon_core/task/python/colcon_distutils_commands:/home/tusharchillal/PhysicalBot_ws/install/motor_driver/lib/python3.12/site-packages:${PYTHONPATH} /usr/bin/python3 -W ignore:setup.py install is deprecated -W ignore:easy_install command is deprecated setup.py egg_info --egg-base ../../build/motor_driver build --build-base /home/tusharchillal/PhysicalBot_ws/build/motor_driver/build install --record /home/tusharchillal/PhysicalBot_ws/build/motor_driver/install.log --single-version-externally-managed install_data
[1.288s] running egg_info
[1.303s] writing ../../build/motor_driver/motor_driver.egg-info/PKG-INFO
[1.305s] writing dependency_links to ../../build/motor_driver/motor_driver.egg-info/dependency_links.txt
[1.305s] writing entry points to ../../build/motor_driver/motor_driver.egg-info/entry_points.txt
[1.306s] writing requirements to ../../build/motor_driver/motor_driver.egg-info/requires.txt
[1.306s] writing top-level names to ../../build/motor_driver/motor_driver.egg-info/top_level.txt
[1.340s] reading manifest file '../../build/motor_driver/motor_driver.egg-info/SOURCES.txt'
[1.341s] writing manifest file '../../build/motor_driver/motor_driver.egg-info/SOURCES.txt'
[1.341s] running build
[1.341s] running build_py
[1.342s] copying motor_driver/Joystick_motor_controller.py -> /home/tusharchillal/PhysicalBot_ws/build/motor_driver/build/lib/motor_driver
[1.342s] running install
[1.349s] running install_lib
[1.364s] copying /home/tusharchillal/PhysicalBot_ws/build/motor_driver/build/lib/motor_driver/Joystick_motor_controller.py -> /home/tusharchillal/PhysicalBot_ws/install/motor_driver/lib/python3.12/site-packages/motor_driver
[1.365s] byte-compiling /home/tusharchillal/PhysicalBot_ws/install/motor_driver/lib/python3.12/site-packages/motor_driver/Joystick_motor_controller.py to Joystick_motor_controller.cpython-312.pyc
[1.365s] running install_data
[1.366s] running install_egg_info
[1.382s] removing '/home/tusharchillal/PhysicalBot_ws/install/motor_driver/lib/python3.12/site-packages/motor_driver-0.0.0-py3.12.egg-info' (and everything under it)
[1.382s] Copying ../../build/motor_driver/motor_driver.egg-info to /home/tusharchillal/PhysicalBot_ws/install/motor_driver/lib/python3.12/site-packages/motor_driver-0.0.0-py3.12.egg-info
[1.383s] running install_scripts
[1.491s] Installing joy_motor_driver script to /home/tusharchillal/PhysicalBot_ws/install/motor_driver/lib/motor_driver
[1.493s] Installing twist_motor_driver script to /home/tusharchillal/PhysicalBot_ws/install/motor_driver/lib/motor_driver
[1.494s] writing list of installed files to '/home/tusharchillal/PhysicalBot_ws/build/motor_driver/install.log'
[1.521s] Invoked command in '/home/tusharchillal/PhysicalBot_ws/src/motor_driver' returned '0': DEBUGINFOD_URLS=https://debuginfod.ubuntu.com PYTHONPATH=/home/tusharchillal/PhysicalBot_ws/build/motor_driver/prefix_override:/usr/lib/python3/dist-packages/colcon_core/task/python/colcon_distutils_commands:/home/tusharchillal/PhysicalBot_ws/install/motor_driver/lib/python3.12/site-packages:${PYTHONPATH} /usr/bin/python3 -W ignore:setup.py install is deprecated -W ignore:easy_install command is deprecated setup.py egg_info --egg-base ../../build/motor_driver build --build-base /home/tusharchillal/PhysicalBot_ws/build/motor_driver/build install --record /home/tusharchillal/PhysicalBot_ws/build/motor_driver/install.log --single-version-externally-managed install_data
