[0.593s] Invoking command in '/home/tusharchillal/PhysicalBot_ws/src/motor_driver': DEBUGINFOD_URLS=https://debuginfod.ubuntu.com PYTHONPATH=/home/tusharchillal/PhysicalBot_ws/build/motor_driver/prefix_override:/usr/lib/python3/dist-packages/colcon_core/task/python/colcon_distutils_commands:/home/tusharchillal/PhysicalBot_ws/install/motor_driver/lib/python3.12/site-packages:${PYTHONPATH} /usr/bin/python3 -W ignore:setup.py install is deprecated -W ignore:easy_install command is deprecated setup.py egg_info --egg-base ../../build/motor_driver build --build-base /home/tusharchillal/PhysicalBot_ws/build/motor_driver/build install --record /home/tusharchillal/PhysicalBot_ws/build/motor_driver/install.log --single-version-externally-managed install_data
[0.743s] running egg_info
[0.753s] writing ../../build/motor_driver/motor_driver.egg-info/PKG-INFO
[0.755s] writing dependency_links to ../../build/motor_driver/motor_driver.egg-info/dependency_links.txt
[0.755s] writing entry points to ../../build/motor_driver/motor_driver.egg-info/entry_points.txt
[0.755s] writing requirements to ../../build/motor_driver/motor_driver.egg-info/requires.txt
[0.755s] writing top-level names to ../../build/motor_driver/motor_driver.egg-info/top_level.txt
[0.773s] reading manifest file '../../build/motor_driver/motor_driver.egg-info/SOURCES.txt'
[0.774s] writing manifest file '../../build/motor_driver/motor_driver.egg-info/SOURCES.txt'
[0.774s] running build
[0.774s] running build_py
[0.774s] copying motor_driver/manual_motor_drive.py -> /home/tusharchillal/PhysicalBot_ws/build/motor_driver/build/lib/motor_driver
[0.775s] copying motor_driver/twist_motor_driver.py -> /home/tusharchillal/PhysicalBot_ws/build/motor_driver/build/lib/motor_driver
[0.775s] running install
[0.778s] running install_lib
[0.788s] copying /home/tusharchillal/PhysicalBot_ws/build/motor_driver/build/lib/motor_driver/manual_motor_drive.py -> /home/tusharchillal/PhysicalBot_ws/install/motor_driver/lib/python3.12/site-packages/motor_driver
[0.788s] copying /home/tusharchillal/PhysicalBot_ws/build/motor_driver/build/lib/motor_driver/twist_motor_driver.py -> /home/tusharchillal/PhysicalBot_ws/install/motor_driver/lib/python3.12/site-packages/motor_driver
[0.788s] byte-compiling /home/tusharchillal/PhysicalBot_ws/install/motor_driver/lib/python3.12/site-packages/motor_driver/manual_motor_drive.py to manual_motor_drive.cpython-312.pyc
[0.788s] byte-compiling /home/tusharchillal/PhysicalBot_ws/install/motor_driver/lib/python3.12/site-packages/motor_driver/twist_motor_driver.py to twist_motor_driver.cpython-312.pyc
[0.789s] running install_data
[0.789s] running install_egg_info
[0.799s] removing '/home/tusharchillal/PhysicalBot_ws/install/motor_driver/lib/python3.12/site-packages/motor_driver-0.0.0-py3.12.egg-info' (and everything under it)
[0.799s] Copying ../../build/motor_driver/motor_driver.egg-info to /home/tusharchillal/PhysicalBot_ws/install/motor_driver/lib/python3.12/site-packages/motor_driver-0.0.0-py3.12.egg-info
[0.800s] running install_scripts
[0.875s] Installing twist_motor_driver script to /home/tusharchillal/PhysicalBot_ws/install/motor_driver/lib/motor_driver
[0.875s] writing list of installed files to '/home/tusharchillal/PhysicalBot_ws/build/motor_driver/install.log'
[0.891s] Invoked command in '/home/tusharchillal/PhysicalBot_ws/src/motor_driver' returned '0': DEBUGINFOD_URLS=https://debuginfod.ubuntu.com PYTHONPATH=/home/tusharchillal/PhysicalBot_ws/build/motor_driver/prefix_override:/usr/lib/python3/dist-packages/colcon_core/task/python/colcon_distutils_commands:/home/tusharchillal/PhysicalBot_ws/install/motor_driver/lib/python3.12/site-packages:${PYTHONPATH} /usr/bin/python3 -W ignore:setup.py install is deprecated -W ignore:easy_install command is deprecated setup.py egg_info --egg-base ../../build/motor_driver build --build-base /home/tusharchillal/PhysicalBot_ws/build/motor_driver/build install --record /home/tusharchillal/PhysicalBot_ws/build/motor_driver/install.log --single-version-externally-managed install_data
