[0.567s] Invoking command in '/home/tusharchillal/PhysicalBot_ws/src/motor_driver': DEBUGINFOD_URLS=https://debuginfod.ubuntu.com PYTHONPATH=/home/tusharchillal/PhysicalBot_ws/build/motor_driver/prefix_override:/usr/lib/python3/dist-packages/colcon_core/task/python/colcon_distutils_commands:/home/tusharchillal/PhysicalBot_ws/install/motor_driver/lib/python3.12/site-packages:${PYTHONPATH} /usr/bin/python3 -W ignore:setup.py install is deprecated -W ignore:easy_install command is deprecated setup.py egg_info --egg-base ../../build/motor_driver build --build-base /home/tusharchillal/PhysicalBot_ws/build/motor_driver/build install --record /home/tusharchillal/PhysicalBot_ws/build/motor_driver/install.log --single-version-externally-managed install_data
[0.716s] running egg_info
[0.726s] writing ../../build/motor_driver/motor_driver.egg-info/PKG-INFO
[0.726s] writing dependency_links to ../../build/motor_driver/motor_driver.egg-info/dependency_links.txt
[0.726s] writing entry points to ../../build/motor_driver/motor_driver.egg-info/entry_points.txt
[0.727s] writing requirements to ../../build/motor_driver/motor_driver.egg-info/requires.txt
[0.727s] writing top-level names to ../../build/motor_driver/motor_driver.egg-info/top_level.txt
[0.746s] reading manifest file '../../build/motor_driver/motor_driver.egg-info/SOURCES.txt'
[0.747s] writing manifest file '../../build/motor_driver/motor_driver.egg-info/SOURCES.txt'
[0.747s] running build
[0.747s] running build_py
[0.747s] copying motor_driver/joy_motor_driver.py -> /home/tusharchillal/PhysicalBot_ws/build/motor_driver/build/lib/motor_driver
[0.747s] running install
[0.751s] running install_lib
[0.760s] copying /home/tusharchillal/PhysicalBot_ws/build/motor_driver/build/lib/motor_driver/joy_motor_driver.py -> /home/tusharchillal/PhysicalBot_ws/install/motor_driver/lib/python3.12/site-packages/motor_driver
[0.760s] byte-compiling /home/tusharchillal/PhysicalBot_ws/install/motor_driver/lib/python3.12/site-packages/motor_driver/joy_motor_driver.py to joy_motor_driver.cpython-312.pyc
[0.761s] running install_data
[0.761s] running install_egg_info
[0.771s] removing '/home/tusharchillal/PhysicalBot_ws/install/motor_driver/lib/python3.12/site-packages/motor_driver-0.0.0-py3.12.egg-info' (and everything under it)
[0.772s] Copying ../../build/motor_driver/motor_driver.egg-info to /home/tusharchillal/PhysicalBot_ws/install/motor_driver/lib/python3.12/site-packages/motor_driver-0.0.0-py3.12.egg-info
[0.772s] running install_scripts
[0.847s] Installing joy_motor_driver script to /home/tusharchillal/PhysicalBot_ws/install/motor_driver/lib/motor_driver
[0.847s] Installing twist_motor_driver script to /home/tusharchillal/PhysicalBot_ws/install/motor_driver/lib/motor_driver
[0.847s] writing list of installed files to '/home/tusharchillal/PhysicalBot_ws/build/motor_driver/install.log'
[0.865s] Invoked command in '/home/tusharchillal/PhysicalBot_ws/src/motor_driver' returned '0': DEBUGINFOD_URLS=https://debuginfod.ubuntu.com PYTHONPATH=/home/tusharchillal/PhysicalBot_ws/build/motor_driver/prefix_override:/usr/lib/python3/dist-packages/colcon_core/task/python/colcon_distutils_commands:/home/tusharchillal/PhysicalBot_ws/install/motor_driver/lib/python3.12/site-packages:${PYTHONPATH} /usr/bin/python3 -W ignore:setup.py install is deprecated -W ignore:easy_install command is deprecated setup.py egg_info --egg-base ../../build/motor_driver build --build-base /home/tusharchillal/PhysicalBot_ws/build/motor_driver/build install --record /home/tusharchillal/PhysicalBot_ws/build/motor_driver/install.log --single-version-externally-managed install_data
