[0.620s] Invoking command in '/home/tusharchillal/PhysicalBot_ws/src/motor_driver': DEBUGINFOD_URLS=https://debuginfod.ubuntu.com PYTHONPATH=/home/tusharchillal/PhysicalBot_ws/build/motor_driver/prefix_override:/usr/lib/python3/dist-packages/colcon_core/task/python/colcon_distutils_commands:/home/tusharchillal/PhysicalBot_ws/install/motor_driver/lib/python3.12/site-packages:${PYTHONPATH} /usr/bin/python3 -W ignore:setup.py install is deprecated -W ignore:easy_install command is deprecated setup.py egg_info --egg-base ../../build/motor_driver build --build-base /home/tusharchillal/PhysicalBot_ws/build/motor_driver/build install --record /home/tusharchillal/PhysicalBot_ws/build/motor_driver/install.log --single-version-externally-managed install_data
[0.839s] running egg_info
[0.854s] writing ../../build/motor_driver/motor_driver.egg-info/PKG-INFO
[0.854s] writing dependency_links to ../../build/motor_driver/motor_driver.egg-info/dependency_links.txt
[0.854s] writing entry points to ../../build/motor_driver/motor_driver.egg-info/entry_points.txt
[0.854s] writing requirements to ../../build/motor_driver/motor_driver.egg-info/requires.txt
[0.854s] writing top-level names to ../../build/motor_driver/motor_driver.egg-info/top_level.txt
[0.884s] reading manifest file '../../build/motor_driver/motor_driver.egg-info/SOURCES.txt'
[0.885s] writing manifest file '../../build/motor_driver/motor_driver.egg-info/SOURCES.txt'
[0.885s] running build
[0.885s] running build_py
[0.886s] copying motor_driver/twist_motor_driver.py -> /home/tusharchillal/PhysicalBot_ws/build/motor_driver/build/lib/motor_driver
[0.886s] running install
[0.892s] running install_lib
[0.910s] copying /home/tusharchillal/PhysicalBot_ws/build/motor_driver/build/lib/motor_driver/twist_motor_driver.py -> /home/tusharchillal/PhysicalBot_ws/install/motor_driver/lib/python3.12/site-packages/motor_driver
[0.910s] byte-compiling /home/tusharchillal/PhysicalBot_ws/install/motor_driver/lib/python3.12/site-packages/motor_driver/twist_motor_driver.py to twist_motor_driver.cpython-312.pyc
[0.911s] running install_data
[0.911s] running install_egg_info
[0.925s] removing '/home/tusharchillal/PhysicalBot_ws/install/motor_driver/lib/python3.12/site-packages/motor_driver-0.0.0-py3.12.egg-info' (and everything under it)
[0.926s] Copying ../../build/motor_driver/motor_driver.egg-info to /home/tusharchillal/PhysicalBot_ws/install/motor_driver/lib/python3.12/site-packages/motor_driver-0.0.0-py3.12.egg-info
[0.926s] running install_scripts
[1.026s] Installing twist_motor_driver script to /home/tusharchillal/PhysicalBot_ws/install/motor_driver/lib/motor_driver
[1.027s] writing list of installed files to '/home/tusharchillal/PhysicalBot_ws/build/motor_driver/install.log'
[1.056s] Invoked command in '/home/tusharchillal/PhysicalBot_ws/src/motor_driver' returned '0': DEBUGINFOD_URLS=https://debuginfod.ubuntu.com PYTHONPATH=/home/tusharchillal/PhysicalBot_ws/build/motor_driver/prefix_override:/usr/lib/python3/dist-packages/colcon_core/task/python/colcon_distutils_commands:/home/tusharchillal/PhysicalBot_ws/install/motor_driver/lib/python3.12/site-packages:${PYTHONPATH} /usr/bin/python3 -W ignore:setup.py install is deprecated -W ignore:easy_install command is deprecated setup.py egg_info --egg-base ../../build/motor_driver build --build-base /home/tusharchillal/PhysicalBot_ws/build/motor_driver/build install --record /home/tusharchillal/PhysicalBot_ws/build/motor_driver/install.log --single-version-externally-managed install_data
